<?xml version="1.0" encoding="UTF-8"?>
<!-- Generated by org.testng.reporters.JUnitXMLReporter -->
<testsuite ignored="0" hostname="LAPTOP-07M3LA1Q" failures="1" tests="5" name="Test" time="46.419" errors="0" timestamp="2025-08-07T14:07:09 IST">
  <testcase classname="testCases.TC003_LoginDDT" name="verify_loginDDT" time="10.768"/>
  <testcase classname="testCases.TC003_LoginDDT" name="verify_loginDDT" time="10.639"/>
  <testcase classname="testCases.TC003_LoginDDT" name="verify_loginDDT" time="10.649"/>
  <testcase classname="testCases.TC003_LoginDDT" name="verify_loginDDT" time="10.56"/>
  <testcase classname="testCases.TC003_LoginDDT" name="verify_loginDDT" time="0.441">
    <failure type="java.lang.AssertionError" message="null">
      <![CDATA[java.lang.AssertionError: null
at testCases.TC003_LoginDDT.verify_loginDDT(TC003_LoginDDT.java:69)
at java.base/java.util.ArrayList.forEach(ArrayList.java:1596)
... Removed 27 stack frames]]>
    </failure>
  </testcase> <!-- verify_loginDDT -->
</testsuite> <!-- Test -->
